{"C:\\Users\\Geoff\\log8430\\TP2\\TP2Prototype\\public\\musicScript.js": {"path":"C:\\Users\\Geoff\\log8430\\TP2\\TP2Prototype\\public\\musicScript.js","statementMap":{"0":{"start":{"line":2,"column":0},"end":{"line":4,"column":1}},"1":{"start":{"line":3,"column":12},"end":{"line":3,"column":29}},"2":{"start":{"line":7,"column":18},"end":{"line":7,"column":20}},"3":{"start":{"line":9,"column":19},"end":{"line":9,"column":23}},"4":{"start":{"line":10,"column":0},"end":{"line":10,"column":21}},"5":{"start":{"line":11,"column":0},"end":{"line":11,"column":13}},"6":{"start":{"line":14,"column":0},"end":{"line":94,"column":3}},"7":{"start":{"line":17,"column":4},"end":{"line":19,"column":24}},"8":{"start":{"line":18,"column":8},"end":{"line":18,"column":26}},"9":{"start":{"line":23,"column":4},"end":{"line":30,"column":6}},"10":{"start":{"line":24,"column":8},"end":{"line":24,"column":68}},"11":{"start":{"line":25,"column":8},"end":{"line":25,"column":63}},"12":{"start":{"line":26,"column":8},"end":{"line":26,"column":32}},"13":{"start":{"line":28,"column":8},"end":{"line":28,"column":44}},"14":{"start":{"line":32,"column":4},"end":{"line":36,"column":5}},"15":{"start":{"line":35,"column":8},"end":{"line":35,"column":70}},"16":{"start":{"line":40,"column":4},"end":{"line":44,"column":7}},"17":{"start":{"line":48,"column":4},"end":{"line":57,"column":5}},"18":{"start":{"line":50,"column":8},"end":{"line":50,"column":27}},"19":{"start":{"line":54,"column":8},"end":{"line":56,"column":11}},"20":{"start":{"line":55,"column":12},"end":{"line":55,"column":45}},"21":{"start":{"line":61,"column":4},"end":{"line":91,"column":7}},"22":{"start":{"line":62,"column":8},"end":{"line":62,"column":27}},"23":{"start":{"line":65,"column":18},"end":{"line":65,"column":54}},"24":{"start":{"line":67,"column":24},"end":{"line":67,"column":57}},"25":{"start":{"line":68,"column":8},"end":{"line":75,"column":9}},"26":{"start":{"line":70,"column":12},"end":{"line":70,"column":27}},"27":{"start":{"line":74,"column":12},"end":{"line":74,"column":70}},"28":{"start":{"line":77,"column":8},"end":{"line":87,"column":9}},"29":{"start":{"line":79,"column":12},"end":{"line":79,"column":49}},"30":{"start":{"line":83,"column":12},"end":{"line":83,"column":35}},"31":{"start":{"line":85,"column":12},"end":{"line":85,"column":73}},"32":{"start":{"line":88,"column":8},"end":{"line":88,"column":27}},"33":{"start":{"line":89,"column":8},"end":{"line":89,"column":26}},"34":{"start":{"line":93,"column":4},"end":{"line":93,"column":22}},"35":{"start":{"line":98,"column":13},"end":{"line":98,"column":37}},"36":{"start":{"line":101,"column":18},"end":{"line":101,"column":51}},"37":{"start":{"line":104,"column":4},"end":{"line":111,"column":5}},"38":{"start":{"line":106,"column":8},"end":{"line":106,"column":21}},"39":{"start":{"line":110,"column":8},"end":{"line":110,"column":40}},"40":{"start":{"line":114,"column":4},"end":{"line":114,"column":35}},"41":{"start":{"line":116,"column":4},"end":{"line":116,"column":88}},"42":{"start":{"line":119,"column":4},"end":{"line":182,"column":7}},"43":{"start":{"line":121,"column":8},"end":{"line":181,"column":12}},"44":{"start":{"line":125,"column":21},"end":{"line":125,"column":45}},"45":{"start":{"line":128,"column":12},"end":{"line":128,"column":49}},"46":{"start":{"line":129,"column":12},"end":{"line":129,"column":89}},"47":{"start":{"line":130,"column":12},"end":{"line":130,"column":43}},"48":{"start":{"line":133,"column":16},"end":{"line":141,"column":17}},"49":{"start":{"line":144,"column":20},"end":{"line":144,"column":59}},"50":{"start":{"line":147,"column":12},"end":{"line":155,"column":13}},"51":{"start":{"line":149,"column":16},"end":{"line":149,"column":25}},"52":{"start":{"line":153,"column":16},"end":{"line":153,"column":38}},"53":{"start":{"line":158,"column":21},"end":{"line":158,"column":25}},"54":{"start":{"line":161,"column":12},"end":{"line":168,"column":15}},"55":{"start":{"line":162,"column":16},"end":{"line":167,"column":17}},"56":{"start":{"line":163,"column":20},"end":{"line":163,"column":31}},"57":{"start":{"line":164,"column":20},"end":{"line":164,"column":49}},"58":{"start":{"line":166,"column":20},"end":{"line":166,"column":28}},"59":{"start":{"line":170,"column":12},"end":{"line":173,"column":13}},"60":{"start":{"line":172,"column":16},"end":{"line":172,"column":23}},"61":{"start":{"line":175,"column":12},"end":{"line":175,"column":26}},"62":{"start":{"line":178,"column":12},"end":{"line":178,"column":72}},"63":{"start":{"line":179,"column":12},"end":{"line":179,"column":30}},"64":{"start":{"line":189,"column":20},"end":{"line":189,"column":53}},"65":{"start":{"line":190,"column":4},"end":{"line":198,"column":5}},"66":{"start":{"line":192,"column":8},"end":{"line":192,"column":23}},"67":{"start":{"line":196,"column":8},"end":{"line":196,"column":66}},"68":{"start":{"line":200,"column":4},"end":{"line":200,"column":28}},"69":{"start":{"line":201,"column":4},"end":{"line":228,"column":7}},"70":{"start":{"line":202,"column":8},"end":{"line":227,"column":9}},"71":{"start":{"line":207,"column":37},"end":{"line":207,"column":51}},"72":{"start":{"line":208,"column":24},"end":{"line":208,"column":102}},"73":{"start":{"line":210,"column":24},"end":{"line":220,"column":27}},"74":{"start":{"line":212,"column":28},"end":{"line":219,"column":29}},"75":{"start":{"line":214,"column":32},"end":{"line":214,"column":64}},"76":{"start":{"line":218,"column":32},"end":{"line":218,"column":64}},"77":{"start":{"line":225,"column":20},"end":{"line":225,"column":44}},"78":{"start":{"line":230,"column":4},"end":{"line":234,"column":5}},"79":{"start":{"line":232,"column":8},"end":{"line":232,"column":76}},"80":{"start":{"line":236,"column":15},"end":{"line":236,"column":54}},"81":{"start":{"line":238,"column":4},"end":{"line":241,"column":5}},"82":{"start":{"line":240,"column":8},"end":{"line":240,"column":15}},"83":{"start":{"line":243,"column":4},"end":{"line":243,"column":29}},"84":{"start":{"line":245,"column":4},"end":{"line":245,"column":45}},"85":{"start":{"line":246,"column":4},"end":{"line":269,"column":7}},"86":{"start":{"line":248,"column":8},"end":{"line":268,"column":134}},"87":{"start":{"line":268,"column":106},"end":{"line":268,"column":130}},"88":{"start":{"line":276,"column":20},"end":{"line":276,"column":59}},"89":{"start":{"line":277,"column":4},"end":{"line":285,"column":5}},"90":{"start":{"line":279,"column":8},"end":{"line":279,"column":23}},"91":{"start":{"line":283,"column":8},"end":{"line":283,"column":72}},"92":{"start":{"line":288,"column":4},"end":{"line":293,"column":7}},"93":{"start":{"line":289,"column":8},"end":{"line":292,"column":9}},"94":{"start":{"line":290,"column":12},"end":{"line":290,"column":34}},"95":{"start":{"line":291,"column":12},"end":{"line":291,"column":25}},"96":{"start":{"line":295,"column":4},"end":{"line":295,"column":71}},"97":{"start":{"line":296,"column":4},"end":{"line":296,"column":22}},"98":{"start":{"line":302,"column":20},"end":{"line":302,"column":53}},"99":{"start":{"line":303,"column":4},"end":{"line":311,"column":5}},"100":{"start":{"line":305,"column":8},"end":{"line":305,"column":23}},"101":{"start":{"line":309,"column":8},"end":{"line":309,"column":66}},"102":{"start":{"line":312,"column":16},"end":{"line":312,"column":61}},"103":{"start":{"line":314,"column":4},"end":{"line":331,"column":5}},"104":{"start":{"line":316,"column":8},"end":{"line":316,"column":35}},"105":{"start":{"line":319,"column":20},"end":{"line":319,"column":59}},"106":{"start":{"line":320,"column":8},"end":{"line":330,"column":9}},"107":{"start":{"line":322,"column":12},"end":{"line":322,"column":37}},"108":{"start":{"line":323,"column":12},"end":{"line":328,"column":15}},"109":{"start":{"line":324,"column":16},"end":{"line":327,"column":17}},"110":{"start":{"line":325,"column":20},"end":{"line":325,"column":38}},"111":{"start":{"line":326,"column":20},"end":{"line":326,"column":33}},"112":{"start":{"line":329,"column":12},"end":{"line":329,"column":74}},"113":{"start":{"line":333,"column":4},"end":{"line":333,"column":65}},"114":{"start":{"line":334,"column":4},"end":{"line":334,"column":22}},"115":{"start":{"line":345,"column":21},"end":{"line":345,"column":23}},"116":{"start":{"line":346,"column":15},"end":{"line":346,"column":37}},"117":{"start":{"line":347,"column":12},"end":{"line":347,"column":45}},"118":{"start":{"line":348,"column":4},"end":{"line":351,"column":5}},"119":{"start":{"line":350,"column":8},"end":{"line":350,"column":52}},"120":{"start":{"line":352,"column":4},"end":{"line":352,"column":22}},"121":{"start":{"line":360,"column":4},"end":{"line":360,"column":51}},"122":{"start":{"line":364,"column":4},"end":{"line":364,"column":21}},"123":{"start":{"line":366,"column":4},"end":{"line":366,"column":22}},"124":{"start":{"line":367,"column":4},"end":{"line":367,"column":22}},"125":{"start":{"line":374,"column":4},"end":{"line":377,"column":35}},"126":{"start":{"line":376,"column":12},"end":{"line":376,"column":93}},"127":{"start":{"line":380,"column":4},"end":{"line":417,"column":7}},"128":{"start":{"line":382,"column":17},"end":{"line":382,"column":24}},"129":{"start":{"line":384,"column":12},"end":{"line":392,"column":13}},"130":{"start":{"line":395,"column":16},"end":{"line":395,"column":55}},"131":{"start":{"line":397,"column":8},"end":{"line":405,"column":9}},"132":{"start":{"line":399,"column":12},"end":{"line":399,"column":21}},"133":{"start":{"line":403,"column":12},"end":{"line":403,"column":34}},"134":{"start":{"line":407,"column":17},"end":{"line":407,"column":21}},"135":{"start":{"line":409,"column":8},"end":{"line":416,"column":11}},"136":{"start":{"line":410,"column":12},"end":{"line":415,"column":13}},"137":{"start":{"line":411,"column":16},"end":{"line":411,"column":27}},"138":{"start":{"line":412,"column":16},"end":{"line":412,"column":53}},"139":{"start":{"line":413,"column":16},"end":{"line":413,"column":99}},"140":{"start":{"line":414,"column":16},"end":{"line":414,"column":24}},"141":{"start":{"line":423,"column":17},"end":{"line":423,"column":32}},"142":{"start":{"line":425,"column":4},"end":{"line":425,"column":39}},"143":{"start":{"line":426,"column":4},"end":{"line":426,"column":41}},"144":{"start":{"line":427,"column":4},"end":{"line":427,"column":25}},"145":{"start":{"line":430,"column":4},"end":{"line":437,"column":7}},"146":{"start":{"line":436,"column":8},"end":{"line":436,"column":41}},"147":{"start":{"line":441,"column":4},"end":{"line":476,"column":7}},"148":{"start":{"line":448,"column":26},"end":{"line":448,"column":47}},"149":{"start":{"line":449,"column":12},"end":{"line":473,"column":15}},"150":{"start":{"line":450,"column":16},"end":{"line":472,"column":17}},"151":{"start":{"line":474,"column":12},"end":{"line":474,"column":19}},"152":{"start":{"line":482,"column":4},"end":{"line":513,"column":10}},"153":{"start":{"line":486,"column":26},"end":{"line":486,"column":38}},"154":{"start":{"line":487,"column":12},"end":{"line":511,"column":13}},"155":{"start":{"line":489,"column":20},"end":{"line":508,"column":118}},"156":{"start":{"line":512,"column":12},"end":{"line":512,"column":19}},"157":{"start":{"line":520,"column":4},"end":{"line":522,"column":7}},"158":{"start":{"line":521,"column":8},"end":{"line":521,"column":53}},"159":{"start":{"line":525,"column":0},"end":{"line":529,"column":1}},"160":{"start":{"line":526,"column":4},"end":{"line":528,"column":7}},"161":{"start":{"line":527,"column":8},"end":{"line":527,"column":74}},"162":{"start":{"line":531,"column":0},"end":{"line":551,"column":1}},"163":{"start":{"line":532,"column":4},"end":{"line":550,"column":97}},"164":{"start":{"line":554,"column":0},"end":{"line":556,"column":1}},"165":{"start":{"line":555,"column":4},"end":{"line":555,"column":33}}},"fnMap":{"0":{"name":"(anonymous_0)","decl":{"start":{"line":14,"column":18},"end":{"line":14,"column":19}},"loc":{"start":{"line":14,"column":30},"end":{"line":94,"column":1}},"line":14},"1":{"name":"(anonymous_1)","decl":{"start":{"line":17,"column":34},"end":{"line":17,"column":35}},"loc":{"start":{"line":17,"column":46},"end":{"line":19,"column":5}},"line":17},"2":{"name":"(anonymous_2)","decl":{"start":{"line":23,"column":31},"end":{"line":23,"column":32}},"loc":{"start":{"line":23,"column":43},"end":{"line":30,"column":5}},"line":23},"3":{"name":"(anonymous_3)","decl":{"start":{"line":54,"column":34},"end":{"line":54,"column":35}},"loc":{"start":{"line":54,"column":46},"end":{"line":56,"column":9}},"line":54},"4":{"name":"(anonymous_4)","decl":{"start":{"line":61,"column":44},"end":{"line":61,"column":45}},"loc":{"start":{"line":61,"column":57},"end":{"line":91,"column":5}},"line":61},"5":{"name":"addToPlaylist","decl":{"start":{"line":96,"column":9},"end":{"line":96,"column":22}},"loc":{"start":{"line":97,"column":0},"end":{"line":184,"column":1}},"line":97},"6":{"name":"(anonymous_6)","decl":{"start":{"line":119,"column":22},"end":{"line":119,"column":23}},"loc":{"start":{"line":120,"column":4},"end":{"line":182,"column":5}},"line":120},"7":{"name":"(anonymous_7)","decl":{"start":{"line":121,"column":82},"end":{"line":121,"column":83}},"loc":{"start":{"line":122,"column":8},"end":{"line":181,"column":9}},"line":122},"8":{"name":"(anonymous_8)","decl":{"start":{"line":161,"column":24},"end":{"line":161,"column":25}},"loc":{"start":{"line":161,"column":35},"end":{"line":168,"column":13}},"line":161},"9":{"name":"updatePlaylists","decl":{"start":{"line":187,"column":9},"end":{"line":187,"column":24}},"loc":{"start":{"line":188,"column":0},"end":{"line":270,"column":1}},"line":188},"10":{"name":"(anonymous_10)","decl":{"start":{"line":201,"column":22},"end":{"line":201,"column":23}},"loc":{"start":{"line":201,"column":41},"end":{"line":228,"column":5}},"line":201},"11":{"name":"(anonymous_11)","decl":{"start":{"line":205,"column":32},"end":{"line":205,"column":33}},"loc":{"start":{"line":206,"column":20},"end":{"line":221,"column":21}},"line":206},"12":{"name":"(anonymous_12)","decl":{"start":{"line":210,"column":61},"end":{"line":210,"column":62}},"loc":{"start":{"line":211,"column":24},"end":{"line":220,"column":25}},"line":211},"13":{"name":"(anonymous_13)","decl":{"start":{"line":223,"column":72},"end":{"line":223,"column":73}},"loc":{"start":{"line":223,"column":82},"end":{"line":226,"column":17}},"line":223},"14":{"name":"(anonymous_14)","decl":{"start":{"line":246,"column":18},"end":{"line":246,"column":19}},"loc":{"start":{"line":247,"column":4},"end":{"line":269,"column":5}},"line":247},"15":{"name":"(anonymous_15)","decl":{"start":{"line":268,"column":95},"end":{"line":268,"column":96}},"loc":{"start":{"line":268,"column":105},"end":{"line":268,"column":131}},"line":268},"16":{"name":"removeFromPlaylist","decl":{"start":{"line":273,"column":9},"end":{"line":273,"column":27}},"loc":{"start":{"line":274,"column":0},"end":{"line":297,"column":1}},"line":274},"17":{"name":"(anonymous_17)","decl":{"start":{"line":288,"column":22},"end":{"line":288,"column":23}},"loc":{"start":{"line":288,"column":33},"end":{"line":293,"column":5}},"line":288},"18":{"name":"removePlaylist","decl":{"start":{"line":300,"column":9},"end":{"line":300,"column":23}},"loc":{"start":{"line":301,"column":0},"end":{"line":335,"column":1}},"line":301},"19":{"name":"(anonymous_19)","decl":{"start":{"line":323,"column":26},"end":{"line":323,"column":27}},"loc":{"start":{"line":323,"column":37},"end":{"line":328,"column":13}},"line":323},"20":{"name":"getHashParams","decl":{"start":{"line":343,"column":9},"end":{"line":343,"column":22}},"loc":{"start":{"line":344,"column":0},"end":{"line":353,"column":1}},"line":344},"21":{"name":"afficherMusique","decl":{"start":{"line":357,"column":9},"end":{"line":357,"column":24}},"loc":{"start":{"line":358,"column":0},"end":{"line":368,"column":1}},"line":358},"22":{"name":"sort","decl":{"start":{"line":371,"column":9},"end":{"line":371,"column":13}},"loc":{"start":{"line":372,"column":0},"end":{"line":418,"column":1}},"line":372},"23":{"name":"(anonymous_23)","decl":{"start":{"line":375,"column":8},"end":{"line":375,"column":9}},"loc":{"start":{"line":375,"column":24},"end":{"line":377,"column":9}},"line":375},"24":{"name":"(anonymous_24)","decl":{"start":{"line":380,"column":32},"end":{"line":380,"column":33}},"loc":{"start":{"line":381,"column":4},"end":{"line":417,"column":5}},"line":381},"25":{"name":"(anonymous_25)","decl":{"start":{"line":409,"column":20},"end":{"line":409,"column":21}},"loc":{"start":{"line":409,"column":31},"end":{"line":416,"column":9}},"line":409},"26":{"name":"getSpotifySongs","decl":{"start":{"line":421,"column":9},"end":{"line":421,"column":24}},"loc":{"start":{"line":422,"column":0},"end":{"line":477,"column":1}},"line":422},"27":{"name":"(anonymous_27)","decl":{"start":{"line":435,"column":12},"end":{"line":435,"column":13}},"loc":{"start":{"line":435,"column":28},"end":{"line":437,"column":5}},"line":435},"28":{"name":"(anonymous_28)","decl":{"start":{"line":446,"column":17},"end":{"line":446,"column":18}},"loc":{"start":{"line":446,"column":37},"end":{"line":475,"column":9}},"line":446},"29":{"name":"(anonymous_29)","decl":{"start":{"line":449,"column":28},"end":{"line":449,"column":29}},"loc":{"start":{"line":449,"column":44},"end":{"line":473,"column":13}},"line":449},"30":{"name":"getJamendoSongs","decl":{"start":{"line":480,"column":9},"end":{"line":480,"column":24}},"loc":{"start":{"line":481,"column":0},"end":{"line":515,"column":1}},"line":481},"31":{"name":"(anonymous_31)","decl":{"start":{"line":484,"column":10},"end":{"line":484,"column":11}},"loc":{"start":{"line":484,"column":26},"end":{"line":513,"column":9}},"line":484},"32":{"name":"(anonymous_32)","decl":{"start":{"line":487,"column":28},"end":{"line":487,"column":29}},"loc":{"start":{"line":487,"column":44},"end":{"line":509,"column":17}},"line":487},"33":{"name":"getDeezerSongs","decl":{"start":{"line":518,"column":9},"end":{"line":518,"column":23}},"loc":{"start":{"line":519,"column":0},"end":{"line":523,"column":1}},"line":519},"34":{"name":"(anonymous_34)","decl":{"start":{"line":520,"column":81},"end":{"line":520,"column":82}},"loc":{"start":{"line":520,"column":101},"end":{"line":522,"column":5}},"line":520},"35":{"name":"(anonymous_35)","decl":{"start":{"line":525,"column":32},"end":{"line":525,"column":33}},"loc":{"start":{"line":525,"column":48},"end":{"line":529,"column":1}},"line":525},"36":{"name":"(anonymous_36)","decl":{"start":{"line":526,"column":18},"end":{"line":526,"column":19}},"loc":{"start":{"line":526,"column":34},"end":{"line":528,"column":5}},"line":526},"37":{"name":"(anonymous_37)","decl":{"start":{"line":531,"column":37},"end":{"line":531,"column":38}},"loc":{"start":{"line":531,"column":52},"end":{"line":551,"column":1}},"line":531}},"branchMap":{"0":{"loc":{"start":{"line":2,"column":0},"end":{"line":4,"column":1}},"type":"if","locations":[{"start":{"line":2,"column":0},"end":{"line":4,"column":1}},{"start":{"line":2,"column":0},"end":{"line":4,"column":1}}],"line":2},"1":{"loc":{"start":{"line":32,"column":4},"end":{"line":36,"column":5}},"type":"if","locations":[{"start":{"line":32,"column":4},"end":{"line":36,"column":5}},{"start":{"line":32,"column":4},"end":{"line":36,"column":5}}],"line":32},"2":{"loc":{"start":{"line":48,"column":4},"end":{"line":57,"column":5}},"type":"if","locations":[{"start":{"line":48,"column":4},"end":{"line":57,"column":5}},{"start":{"line":48,"column":4},"end":{"line":57,"column":5}}],"line":48},"3":{"loc":{"start":{"line":68,"column":8},"end":{"line":75,"column":9}},"type":"if","locations":[{"start":{"line":68,"column":8},"end":{"line":75,"column":9}},{"start":{"line":68,"column":8},"end":{"line":75,"column":9}}],"line":68},"4":{"loc":{"start":{"line":77,"column":8},"end":{"line":87,"column":9}},"type":"if","locations":[{"start":{"line":77,"column":8},"end":{"line":87,"column":9}},{"start":{"line":77,"column":8},"end":{"line":87,"column":9}}],"line":77},"5":{"loc":{"start":{"line":104,"column":4},"end":{"line":111,"column":5}},"type":"if","locations":[{"start":{"line":104,"column":4},"end":{"line":111,"column":5}},{"start":{"line":104,"column":4},"end":{"line":111,"column":5}}],"line":104},"6":{"loc":{"start":{"line":147,"column":12},"end":{"line":155,"column":13}},"type":"if","locations":[{"start":{"line":147,"column":12},"end":{"line":155,"column":13}},{"start":{"line":147,"column":12},"end":{"line":155,"column":13}}],"line":147},"7":{"loc":{"start":{"line":162,"column":16},"end":{"line":167,"column":17}},"type":"if","locations":[{"start":{"line":162,"column":16},"end":{"line":167,"column":17}},{"start":{"line":162,"column":16},"end":{"line":167,"column":17}}],"line":162},"8":{"loc":{"start":{"line":170,"column":12},"end":{"line":173,"column":13}},"type":"if","locations":[{"start":{"line":170,"column":12},"end":{"line":173,"column":13}},{"start":{"line":170,"column":12},"end":{"line":173,"column":13}}],"line":170},"9":{"loc":{"start":{"line":190,"column":4},"end":{"line":198,"column":5}},"type":"if","locations":[{"start":{"line":190,"column":4},"end":{"line":198,"column":5}},{"start":{"line":190,"column":4},"end":{"line":198,"column":5}}],"line":190},"10":{"loc":{"start":{"line":212,"column":28},"end":{"line":219,"column":29}},"type":"if","locations":[{"start":{"line":212,"column":28},"end":{"line":219,"column":29}},{"start":{"line":212,"column":28},"end":{"line":219,"column":29}}],"line":212},"11":{"loc":{"start":{"line":230,"column":4},"end":{"line":234,"column":5}},"type":"if","locations":[{"start":{"line":230,"column":4},"end":{"line":234,"column":5}},{"start":{"line":230,"column":4},"end":{"line":234,"column":5}}],"line":230},"12":{"loc":{"start":{"line":238,"column":4},"end":{"line":241,"column":5}},"type":"if","locations":[{"start":{"line":238,"column":4},"end":{"line":241,"column":5}},{"start":{"line":238,"column":4},"end":{"line":241,"column":5}}],"line":238},"13":{"loc":{"start":{"line":277,"column":4},"end":{"line":285,"column":5}},"type":"if","locations":[{"start":{"line":277,"column":4},"end":{"line":285,"column":5}},{"start":{"line":277,"column":4},"end":{"line":285,"column":5}}],"line":277},"14":{"loc":{"start":{"line":289,"column":8},"end":{"line":292,"column":9}},"type":"if","locations":[{"start":{"line":289,"column":8},"end":{"line":292,"column":9}},{"start":{"line":289,"column":8},"end":{"line":292,"column":9}}],"line":289},"15":{"loc":{"start":{"line":303,"column":4},"end":{"line":311,"column":5}},"type":"if","locations":[{"start":{"line":303,"column":4},"end":{"line":311,"column":5}},{"start":{"line":303,"column":4},"end":{"line":311,"column":5}}],"line":303},"16":{"loc":{"start":{"line":314,"column":4},"end":{"line":331,"column":5}},"type":"if","locations":[{"start":{"line":314,"column":4},"end":{"line":331,"column":5}},{"start":{"line":314,"column":4},"end":{"line":331,"column":5}}],"line":314},"17":{"loc":{"start":{"line":320,"column":8},"end":{"line":330,"column":9}},"type":"if","locations":[{"start":{"line":320,"column":8},"end":{"line":330,"column":9}},{"start":{"line":320,"column":8},"end":{"line":330,"column":9}}],"line":320},"18":{"loc":{"start":{"line":324,"column":16},"end":{"line":327,"column":17}},"type":"if","locations":[{"start":{"line":324,"column":16},"end":{"line":327,"column":17}},{"start":{"line":324,"column":16},"end":{"line":327,"column":17}}],"line":324},"19":{"loc":{"start":{"line":397,"column":8},"end":{"line":405,"column":9}},"type":"if","locations":[{"start":{"line":397,"column":8},"end":{"line":405,"column":9}},{"start":{"line":397,"column":8},"end":{"line":405,"column":9}}],"line":397},"20":{"loc":{"start":{"line":410,"column":12},"end":{"line":415,"column":13}},"type":"if","locations":[{"start":{"line":410,"column":12},"end":{"line":415,"column":13}},{"start":{"line":410,"column":12},"end":{"line":415,"column":13}}],"line":410},"21":{"loc":{"start":{"line":554,"column":0},"end":{"line":556,"column":1}},"type":"if","locations":[{"start":{"line":554,"column":0},"end":{"line":556,"column":1}},{"start":{"line":554,"column":0},"end":{"line":556,"column":1}}],"line":554}},"s":{"0":1,"1":1,"2":1,"3":1,"4":1,"5":1,"6":1,"7":0,"8":0,"9":0,"10":0,"11":0,"12":0,"13":0,"14":0,"15":0,"16":0,"17":0,"18":0,"19":0,"20":0,"21":0,"22":0,"23":0,"24":0,"25":0,"26":0,"27":0,"28":0,"29":0,"30":0,"31":0,"32":0,"33":0,"34":0,"35":0,"36":0,"37":0,"38":0,"39":0,"40":0,"41":0,"42":0,"43":0,"44":0,"45":0,"46":0,"47":0,"48":0,"49":0,"50":0,"51":0,"52":0,"53":0,"54":0,"55":0,"56":0,"57":0,"58":0,"59":0,"60":0,"61":0,"62":0,"63":0,"64":0,"65":0,"66":0,"67":0,"68":0,"69":0,"70":0,"71":0,"72":0,"73":0,"74":0,"75":0,"76":0,"77":0,"78":0,"79":0,"80":0,"81":0,"82":0,"83":0,"84":0,"85":0,"86":0,"87":0,"88":0,"89":0,"90":0,"91":0,"92":0,"93":0,"94":0,"95":0,"96":0,"97":0,"98":0,"99":0,"100":0,"101":0,"102":0,"103":0,"104":0,"105":0,"106":0,"107":0,"108":0,"109":0,"110":0,"111":0,"112":0,"113":0,"114":0,"115":0,"116":0,"117":0,"118":0,"119":0,"120":0,"121":0,"122":0,"123":0,"124":0,"125":0,"126":0,"127":0,"128":0,"129":0,"130":0,"131":0,"132":0,"133":0,"134":0,"135":0,"136":0,"137":0,"138":0,"139":0,"140":0,"141":0,"142":0,"143":0,"144":0,"145":0,"146":0,"147":0,"148":0,"149":0,"150":0,"151":0,"152":0,"153":0,"154":0,"155":0,"156":0,"157":0,"158":0,"159":1,"160":0,"161":0,"162":1,"163":1,"164":1,"165":1},"f":{"0":0,"1":0,"2":0,"3":0,"4":0,"5":0,"6":0,"7":0,"8":0,"9":0,"10":0,"11":0,"12":0,"13":0,"14":0,"15":0,"16":0,"17":0,"18":0,"19":0,"20":0,"21":0,"22":0,"23":0,"24":0,"25":0,"26":0,"27":0,"28":0,"29":0,"30":0,"31":0,"32":0,"33":0,"34":0,"35":0,"36":0,"37":1},"b":{"0":[1,0],"1":[0,0],"2":[0,0],"3":[0,0],"4":[0,0],"5":[0,0],"6":[0,0],"7":[0,0],"8":[0,0],"9":[0,0],"10":[0,0],"11":[0,0],"12":[0,0],"13":[0,0],"14":[0,0],"15":[0,0],"16":[0,0],"17":[0,0],"18":[0,0],"19":[0,0],"20":[0,0],"21":[1,0]},"_coverageSchema":"332fd63041d2c1bcb487cc26dd0d5f7d97098a6c","hash":"823384755c9dd6d807f92419e77025b69e7e1e43"}
}
