TN:
SF:C:\Users\Geoff\log8430\TP2\TP2Prototype\public\musicScript.js
FN:14,(anonymous_0)
FN:17,(anonymous_1)
FN:23,(anonymous_2)
FN:54,(anonymous_3)
FN:61,(anonymous_4)
FN:96,addToPlaylist
FN:119,(anonymous_6)
FN:121,(anonymous_7)
FN:161,(anonymous_8)
FN:187,updatePlaylists
FN:201,(anonymous_10)
FN:205,(anonymous_11)
FN:210,(anonymous_12)
FN:223,(anonymous_13)
FN:246,(anonymous_14)
FN:268,(anonymous_15)
FN:273,removeFromPlaylist
FN:288,(anonymous_17)
FN:300,removePlaylist
FN:323,(anonymous_19)
FN:343,getHashParams
FN:357,afficherMusique
FN:371,sort
FN:375,(anonymous_23)
FN:380,(anonymous_24)
FN:409,(anonymous_25)
FN:421,getSpotifySongs
FN:435,(anonymous_27)
FN:446,(anonymous_28)
FN:449,(anonymous_29)
FN:480,getJamendoSongs
FN:484,(anonymous_31)
FN:487,(anonymous_32)
FN:518,getDeezerSongs
FN:520,(anonymous_34)
FN:525,(anonymous_35)
FN:526,(anonymous_36)
FN:531,(anonymous_37)
FNF:38
FNH:1
FNDA:0,(anonymous_0)
FNDA:0,(anonymous_1)
FNDA:0,(anonymous_2)
FNDA:0,(anonymous_3)
FNDA:0,(anonymous_4)
FNDA:0,addToPlaylist
FNDA:0,(anonymous_6)
FNDA:0,(anonymous_7)
FNDA:0,(anonymous_8)
FNDA:0,updatePlaylists
FNDA:0,(anonymous_10)
FNDA:0,(anonymous_11)
FNDA:0,(anonymous_12)
FNDA:0,(anonymous_13)
FNDA:0,(anonymous_14)
FNDA:0,(anonymous_15)
FNDA:0,removeFromPlaylist
FNDA:0,(anonymous_17)
FNDA:0,removePlaylist
FNDA:0,(anonymous_19)
FNDA:0,getHashParams
FNDA:0,afficherMusique
FNDA:0,sort
FNDA:0,(anonymous_23)
FNDA:0,(anonymous_24)
FNDA:0,(anonymous_25)
FNDA:0,getSpotifySongs
FNDA:0,(anonymous_27)
FNDA:0,(anonymous_28)
FNDA:0,(anonymous_29)
FNDA:0,getJamendoSongs
FNDA:0,(anonymous_31)
FNDA:0,(anonymous_32)
FNDA:0,getDeezerSongs
FNDA:0,(anonymous_34)
FNDA:0,(anonymous_35)
FNDA:0,(anonymous_36)
FNDA:1,(anonymous_37)
DA:2,1
DA:3,1
DA:7,1
DA:9,1
DA:10,1
DA:11,1
DA:14,1
DA:17,0
DA:18,0
DA:23,0
DA:24,0
DA:25,0
DA:26,0
DA:28,0
DA:32,0
DA:35,0
DA:40,0
DA:48,0
DA:50,0
DA:54,0
DA:55,0
DA:61,0
DA:62,0
DA:65,0
DA:67,0
DA:68,0
DA:70,0
DA:74,0
DA:77,0
DA:79,0
DA:83,0
DA:85,0
DA:88,0
DA:89,0
DA:93,0
DA:98,0
DA:101,0
DA:104,0
DA:106,0
DA:110,0
DA:114,0
DA:116,0
DA:119,0
DA:121,0
DA:125,0
DA:128,0
DA:129,0
DA:130,0
DA:133,0
DA:144,0
DA:147,0
DA:149,0
DA:153,0
DA:158,0
DA:161,0
DA:162,0
DA:163,0
DA:164,0
DA:166,0
DA:170,0
DA:172,0
DA:175,0
DA:178,0
DA:179,0
DA:189,0
DA:190,0
DA:192,0
DA:196,0
DA:200,0
DA:201,0
DA:202,0
DA:207,0
DA:208,0
DA:210,0
DA:212,0
DA:214,0
DA:218,0
DA:225,0
DA:230,0
DA:232,0
DA:236,0
DA:238,0
DA:240,0
DA:243,0
DA:245,0
DA:246,0
DA:248,0
DA:268,0
DA:276,0
DA:277,0
DA:279,0
DA:283,0
DA:288,0
DA:289,0
DA:290,0
DA:291,0
DA:295,0
DA:296,0
DA:302,0
DA:303,0
DA:305,0
DA:309,0
DA:312,0
DA:314,0
DA:316,0
DA:319,0
DA:320,0
DA:322,0
DA:323,0
DA:324,0
DA:325,0
DA:326,0
DA:329,0
DA:333,0
DA:334,0
DA:345,0
DA:346,0
DA:347,0
DA:348,0
DA:350,0
DA:352,0
DA:360,0
DA:364,0
DA:366,0
DA:367,0
DA:374,0
DA:376,0
DA:380,0
DA:382,0
DA:384,0
DA:395,0
DA:397,0
DA:399,0
DA:403,0
DA:407,0
DA:409,0
DA:410,0
DA:411,0
DA:412,0
DA:413,0
DA:414,0
DA:423,0
DA:425,0
DA:426,0
DA:427,0
DA:430,0
DA:436,0
DA:441,0
DA:448,0
DA:449,0
DA:450,0
DA:474,0
DA:482,0
DA:486,0
DA:487,0
DA:489,0
DA:512,0
DA:520,0
DA:521,0
DA:525,1
DA:526,0
DA:527,0
DA:531,1
DA:532,1
DA:554,1
DA:555,1
LF:166
LH:12
BRDA:2,0,0,1
BRDA:2,0,1,0
BRDA:32,1,0,0
BRDA:32,1,1,0
BRDA:48,2,0,0
BRDA:48,2,1,0
BRDA:68,3,0,0
BRDA:68,3,1,0
BRDA:77,4,0,0
BRDA:77,4,1,0
BRDA:104,5,0,0
BRDA:104,5,1,0
BRDA:147,6,0,0
BRDA:147,6,1,0
BRDA:162,7,0,0
BRDA:162,7,1,0
BRDA:170,8,0,0
BRDA:170,8,1,0
BRDA:190,9,0,0
BRDA:190,9,1,0
BRDA:212,10,0,0
BRDA:212,10,1,0
BRDA:230,11,0,0
BRDA:230,11,1,0
BRDA:238,12,0,0
BRDA:238,12,1,0
BRDA:277,13,0,0
BRDA:277,13,1,0
BRDA:289,14,0,0
BRDA:289,14,1,0
BRDA:303,15,0,0
BRDA:303,15,1,0
BRDA:314,16,0,0
BRDA:314,16,1,0
BRDA:320,17,0,0
BRDA:320,17,1,0
BRDA:324,18,0,0
BRDA:324,18,1,0
BRDA:397,19,0,0
BRDA:397,19,1,0
BRDA:410,20,0,0
BRDA:410,20,1,0
BRDA:554,21,0,1
BRDA:554,21,1,0
BRF:44
BRH:2
end_of_record
